2013/04/11 09:57:33 [error] [exception.CException] exception 'CException' with message 'SiteController cannot find the requested view "_header".' in D:\Program Files\Apache Group\Apache2\htdocs\yii\framework\web\CController.php:879
Stack trace:
#0 E:\GitHub\stp6\protected\views\layouts\main.php(30): CController->renderPartial('_header')
#1 D:\Program Files\Apache Group\Apache2\htdocs\yii\framework\web\CBaseController.php(127): require('E:\GitHub\stp6\...')
#2 D:\Program Files\Apache Group\Apache2\htdocs\yii\framework\web\CBaseController.php(96): CBaseController->renderInternal('E:\GitHub\stp6\...', Array, true)
#3 D:\Program Files\Apache Group\Apache2\htdocs\yii\framework\web\widgets\CContentDecorator.php(77): CBaseController->renderFile('E:\GitHub\stp6\...', Array, true)
#4 D:\Program Files\Apache Group\Apache2\htdocs\yii\framework\web\widgets\CContentDecorator.php(55): CContentDecorator->decorate('<div id="conten...')
#5 D:\Program Files\Apache Group\Apache2\htdocs\yii\framework\web\widgets\COutputProcessor.php(45): CContentDecorator->processOutput('<div id="conten...')
#6 D:\Program Files\Apache Group\Apache2\htdocs\yii\framework\web\CBaseController.php(207): COutputProcessor->run()
#7 D:\Program Files\Apache Group\Apache2\htdocs\yii\framework\web\CBaseController.php(301): CBaseController->endWidget('CContentDecorat...')
#8 E:\GitHub\stp6\protected\views\layouts\column1.php(5): CBaseController->endContent()
#9 D:\Program Files\Apache Group\Apache2\htdocs\yii\framework\web\CBaseController.php(127): require('E:\GitHub\stp6\...')
#10 D:\Program Files\Apache Group\Apache2\htdocs\yii\framework\web\CBaseController.php(96): CBaseController->renderInternal('E:\GitHub\stp6\...', Array, true)
#11 D:\Program Files\Apache Group\Apache2\htdocs\yii\framework\web\CController.php(785): CBaseController->renderFile('E:\GitHub\stp6\...', Array, true)
#12 E:\GitHub\stp6\protected\controllers\SiteController.php(32): CController->render('index')
#13 D:\Program Files\Apache Group\Apache2\htdocs\yii\framework\web\actions\CInlineAction.php(50): SiteController->actionIndex()
#14 D:\Program Files\Apache Group\Apache2\htdocs\yii\framework\web\CController.php(309): CInlineAction->runWithParams(Array)
#15 D:\Program Files\Apache Group\Apache2\htdocs\yii\framework\web\CController.php(287): CController->runAction(Object(CInlineAction))
#16 D:\Program Files\Apache Group\Apache2\htdocs\yii\framework\web\CController.php(266): CController->runActionWithFilters(Object(CInlineAction), Array)
#17 D:\Program Files\Apache Group\Apache2\htdocs\yii\framework\web\CWebApplication.php(276): CController->run('')
#18 D:\Program Files\Apache Group\Apache2\htdocs\yii\framework\web\CWebApplication.php(135): CWebApplication->runController('')
#19 D:\Program Files\Apache Group\Apache2\htdocs\yii\framework\base\CApplication.php(162): CWebApplication->processRequest()
#20 E:\GitHub\stp6\index.php(14): CApplication->run()
#21 {main}
REQUEST_URI=/GitHub/stp6/
---
2013/04/11 09:58:25 [error] [exception.CException] exception 'CException' with message 'SiteController cannot find the requested view "_header".' in D:\Program Files\Apache Group\Apache2\htdocs\yii\framework\web\CController.php:879
Stack trace:
#0 E:\GitHub\stp6\protected\views\layouts\main.php(30): CController->renderPartial('_header')
#1 D:\Program Files\Apache Group\Apache2\htdocs\yii\framework\web\CBaseController.php(127): require('E:\GitHub\stp6\...')
#2 D:\Program Files\Apache Group\Apache2\htdocs\yii\framework\web\CBaseController.php(96): CBaseController->renderInternal('E:\GitHub\stp6\...', Array, true)
#3 D:\Program Files\Apache Group\Apache2\htdocs\yii\framework\web\widgets\CContentDecorator.php(77): CBaseController->renderFile('E:\GitHub\stp6\...', Array, true)
#4 D:\Program Files\Apache Group\Apache2\htdocs\yii\framework\web\widgets\CContentDecorator.php(55): CContentDecorator->decorate('<div id="conten...')
#5 D:\Program Files\Apache Group\Apache2\htdocs\yii\framework\web\widgets\COutputProcessor.php(45): CContentDecorator->processOutput('<div id="conten...')
#6 D:\Program Files\Apache Group\Apache2\htdocs\yii\framework\web\CBaseController.php(207): COutputProcessor->run()
#7 D:\Program Files\Apache Group\Apache2\htdocs\yii\framework\web\CBaseController.php(301): CBaseController->endWidget('CContentDecorat...')
#8 E:\GitHub\stp6\protected\views\layouts\column1.php(5): CBaseController->endContent()
#9 D:\Program Files\Apache Group\Apache2\htdocs\yii\framework\web\CBaseController.php(127): require('E:\GitHub\stp6\...')
#10 D:\Program Files\Apache Group\Apache2\htdocs\yii\framework\web\CBaseController.php(96): CBaseController->renderInternal('E:\GitHub\stp6\...', Array, true)
#11 D:\Program Files\Apache Group\Apache2\htdocs\yii\framework\web\CController.php(785): CBaseController->renderFile('E:\GitHub\stp6\...', Array, true)
#12 E:\GitHub\stp6\protected\controllers\SiteController.php(32): CController->render('index')
#13 D:\Program Files\Apache Group\Apache2\htdocs\yii\framework\web\actions\CInlineAction.php(50): SiteController->actionIndex()
#14 D:\Program Files\Apache Group\Apache2\htdocs\yii\framework\web\CController.php(309): CInlineAction->runWithParams(Array)
#15 D:\Program Files\Apache Group\Apache2\htdocs\yii\framework\web\CController.php(287): CController->runAction(Object(CInlineAction))
#16 D:\Program Files\Apache Group\Apache2\htdocs\yii\framework\web\CController.php(266): CController->runActionWithFilters(Object(CInlineAction), Array)
#17 D:\Program Files\Apache Group\Apache2\htdocs\yii\framework\web\CWebApplication.php(276): CController->run('')
#18 D:\Program Files\Apache Group\Apache2\htdocs\yii\framework\web\CWebApplication.php(135): CWebApplication->runController('')
#19 D:\Program Files\Apache Group\Apache2\htdocs\yii\framework\base\CApplication.php(162): CWebApplication->processRequest()
#20 E:\GitHub\stp6\index.php(14): CApplication->run()
#21 {main}
REQUEST_URI=/GitHub/stp6/
---
2013/04/11 10:00:06 [error] [php] require_once(_header): failed to open stream: No such file or directory (E:\GitHub\stp6\protected\views\layouts\main.php:30)
Stack trace:
#0 D:\Program Files\Apache Group\Apache2\htdocs\yii\framework\web\CBaseController.php(96): SiteController->renderInternal()
#1 D:\Program Files\Apache Group\Apache2\htdocs\yii\framework\web\widgets\CContentDecorator.php(77): SiteController->renderFile()
#2 D:\Program Files\Apache Group\Apache2\htdocs\yii\framework\web\widgets\CContentDecorator.php(55): CContentDecorator->decorate()
#3 D:\Program Files\Apache Group\Apache2\htdocs\yii\framework\web\widgets\COutputProcessor.php(45): CContentDecorator->processOutput()
#4 D:\Program Files\Apache Group\Apache2\htdocs\yii\framework\web\CBaseController.php(207): CContentDecorator->run()
#5 D:\Program Files\Apache Group\Apache2\htdocs\yii\framework\web\CBaseController.php(301): SiteController->endWidget()
#6 E:\GitHub\stp6\protected\views\layouts\column1.php(5): SiteController->endContent()
#7 D:\Program Files\Apache Group\Apache2\htdocs\yii\framework\web\CBaseController.php(127): require()
#8 D:\Program Files\Apache Group\Apache2\htdocs\yii\framework\web\CBaseController.php(96): SiteController->renderInternal()
#9 D:\Program Files\Apache Group\Apache2\htdocs\yii\framework\web\CController.php(785): SiteController->renderFile()
#10 E:\GitHub\stp6\protected\controllers\SiteController.php(32): SiteController->render()
#11 D:\Program Files\Apache Group\Apache2\htdocs\yii\framework\web\actions\CInlineAction.php(50): SiteController->actionIndex()
#12 D:\Program Files\Apache Group\Apache2\htdocs\yii\framework\web\CController.php(309): CInlineAction->runWithParams()
#13 D:\Program Files\Apache Group\Apache2\htdocs\yii\framework\web\CController.php(287): SiteController->runAction()
#14 D:\Program Files\Apache Group\Apache2\htdocs\yii\framework\web\CController.php(266): SiteController->runActionWithFilters()
#15 D:\Program Files\Apache Group\Apache2\htdocs\yii\framework\web\CWebApplication.php(276): SiteController->run()
#16 D:\Program Files\Apache Group\Apache2\htdocs\yii\framework\web\CWebApplication.php(135): CWebApplication->runController()
#17 D:\Program Files\Apache Group\Apache2\htdocs\yii\framework\base\CApplication.php(162): CWebApplication->processRequest()
#18 E:\GitHub\stp6\index.php(14): CWebApplication->run()
REQUEST_URI=/GitHub/stp6/
in E:\GitHub\stp6\protected\views\layouts\main.php (30)
in E:\GitHub\stp6\protected\views\layouts\main.php (30)
in E:\GitHub\stp6\protected\views\layouts\column1.php (5)
2013/04/11 10:32:03 [error] [exception.CHttpException.403] exception 'CHttpException' with message 'You are not authorized to perform this action.' in D:\Program Files\Apache Group\Apache2\htdocs\yii\framework\web\auth\CAccessControlFilter.php:157
Stack trace:
#0 D:\Program Files\Apache Group\Apache2\htdocs\yii\framework\web\auth\CAccessControlFilter.php(120): CAccessControlFilter->accessDenied(Object(CWebUser), 'You are not aut...')
#1 D:\Program Files\Apache Group\Apache2\htdocs\yii\framework\web\filters\CFilter.php(39): CAccessControlFilter->preFilter(Object(CFilterChain))
#2 D:\Program Files\Apache Group\Apache2\htdocs\yii\framework\web\CController.php(1146): CFilter->filter(Object(CFilterChain))
#3 D:\Program Files\Apache Group\Apache2\htdocs\yii\framework\web\filters\CInlineFilter.php(59): CController->filterAccessControl(Object(CFilterChain))
#4 D:\Program Files\Apache Group\Apache2\htdocs\yii\framework\web\filters\CFilterChain.php(131): CInlineFilter->filter(Object(CFilterChain))
#5 D:\Program Files\Apache Group\Apache2\htdocs\yii\framework\web\CController.php(292): CFilterChain->run()
#6 D:\Program Files\Apache Group\Apache2\htdocs\yii\framework\web\CController.php(266): CController->runActionWithFilters(Object(CInlineAction), Array)
#7 D:\Program Files\Apache Group\Apache2\htdocs\yii\framework\web\CWebApplication.php(276): CController->run('my')
#8 D:\Program Files\Apache Group\Apache2\htdocs\yii\framework\web\CWebApplication.php(135): CWebApplication->runController('user/my')
#9 D:\Program Files\Apache Group\Apache2\htdocs\yii\framework\base\CApplication.php(162): CWebApplication->processRequest()
#10 E:\GitHub\stp6\index.php(14): CApplication->run()
#11 {main}
REQUEST_URI=/GitHub/stp6/index.php?r=user/my
HTTP_REFERER=http://localhost/GitHub/stp6/index.php?r=site/login
---
